<?xml version="1.0" encoding="UTF-8"?>
<testsuite name="com.adventure.MT8" tests="5" skipped="0" failures="0" errors="0" timestamp="2022-05-24T21:07:11" hostname="DESKTOP-QFNEL2B" time="0.618">
  <properties/>
  <testcase name="testPrintItemsCommand()" classname="com.adventure.MT8" time="0.6"/>
  <testcase name="testBackpackAddRemoveItem()" classname="com.adventure.MT8" time="0.004"/>
  <testcase name="testBackpackLimit()" classname="com.adventure.MT8" time="0.005"/>
  <testcase name="testBackpackViaPlayer()" classname="com.adventure.MT8" time="0.005"/>
  <testcase name="testPrintBackpack()" classname="com.adventure.MT8" time="0.001"/>
  <system-out><![CDATA[]]></system-out>
  <system-err><![CDATA[]]></system-err>
</testsuite>
