<?xml version="1.0" encoding="UTF-8"?>
<testsuite name="com.adventure.MT3" tests="10" skipped="0" failures="0" errors="0" timestamp="2022-05-12T20:52:58" hostname="DESKTOP-QFNEL2B" time="1.34">
  <properties/>
  <testcase name="testPlayerMovementInvalid()" classname="com.adventure.MT3" time="0.067"/>
  <testcase name="testPlayerMovementEast()" classname="com.adventure.MT3" time="0.003"/>
  <testcase name="testPlayerMovementWest()" classname="com.adventure.MT3" time="0.003"/>
  <testcase name="testInvalidMoveInput()" classname="com.adventure.MT3" time="1.219"/>
  <testcase name="testPrompt2()" classname="com.adventure.MT3" time="0.007"/>
  <testcase name="checkMoveInputEast()" classname="com.adventure.MT3" time="0.003"/>
  <testcase name="checkMoveInputWest()" classname="com.adventure.MT3" time="0.003"/>
  <testcase name="testUseInput()" classname="com.adventure.MT3" time="0.02"/>
  <testcase name="checkSimpleInput()" classname="com.adventure.MT3" time="0.002"/>
  <testcase name="testPrompt()" classname="com.adventure.MT3" time="0.001"/>
  <system-out><![CDATA[]]></system-out>
  <system-err><![CDATA[]]></system-err>
</testsuite>
