<?xml version="1.0" encoding="UTF-8"?>
<testsuite name="com.adventure.MT6" tests="3" skipped="0" failures="0" errors="0" timestamp="2022-05-19T00:19:45" hostname="DESKTOP-QFNEL2B" time="0.654">
  <properties/>
  <testcase name="testCommandHelp()" classname="com.adventure.MT6" time="0.648"/>
  <testcase name="testCommandMove()" classname="com.adventure.MT6" time="0.003"/>
  <testcase name="testCommandUse()" classname="com.adventure.MT6" time="0.002"/>
  <system-out><![CDATA[]]></system-out>
  <system-err><![CDATA[]]></system-err>
</testsuite>
