<?xml version="1.0" encoding="UTF-8"?>
<testsuite name="com.adventure.MT4" tests="4" skipped="0" failures="0" errors="0" timestamp="2022-05-16T21:12:24" hostname="DESKTOP-QFNEL2B" time="0.043">
  <properties/>
  <testcase name="testDoorConstructors()" classname="com.adventure.MT4" time="0.022"/>
  <testcase name="testKeyFactory()" classname="com.adventure.MT4" time="0.01"/>
  <testcase name="testKeyAndDoor()" classname="com.adventure.MT4" time="0.009"/>
  <testcase name="testKeyConstructors()" classname="com.adventure.MT4" time="0.001"/>
  <system-out><![CDATA[Door is now open
That didn't work on the door
Door is now open
]]></system-out>
  <system-err><![CDATA[]]></system-err>
</testsuite>
